
v1.0.183 [ERROR] 2022.04.11 AD at 10:22:06 IST
Error while creating zide settings instance .
java.io.IOException: Cannot find .zide_resources/zide_settings.xml
org.eclipse.core.internal.runtime.FindSupport.openStream(FindSupport.java:278)
org.eclipse.core.runtime.FileLocator.openStream(FileLocator.java:243)
com.zoho.zide.util.ZideSettings.init(ZideSettings.java:41)
com.zoho.zide.util.ZideSettings.<init>(ZideSettings.java:31)
com.zoho.zide.util.ZideSettings.getInstance(ZideSettings.java:162)
com.zoho.zide.util.ZideConfigAPI.getZideIgnoreEntries(ZideConfigAPI.java:163)
com.zoho.zide.activator.PluginStarter.updateZideIgnoreEntries(PluginStarter.java:341)
com.zoho.zide.activator.PluginStarter.earlyStartup(PluginStarter.java:239)
org.eclipse.ui.internal.EarlyStartupRunnable.runEarlyStartup(EarlyStartupRunnable.java:79)
org.eclipse.ui.internal.EarlyStartupRunnable.run(EarlyStartupRunnable.java:55)
org.eclipse.core.runtime.SafeRunner.run(SafeRunner.java:45)
org.eclipse.ui.internal.Workbench$40.run(Workbench.java:2711)
org.eclipse.core.internal.jobs.Worker.run(Worker.java:63)

v1.0.183 [INFO] 2022.04.11 AD at 10:22:06 IST
ZIDE Startup--------------------------------------------------------------------------------
Eclipse version = 4.13.0.v20190916-1045
Java version = 1.8.0_312
OS = Linux
hg version = 5.3.1

v1.0.183 [INFO] 2022.04.11 AD at 10:22:06 IST
Job Hacksaw sync Scheduler started

v1.0.183 [WARNING] 2022.04.11 AD at 10:22:06 IST
Failed to download http://zide.csez.zohocorpin.com/softwares/zide_config.xml
java.net.UnknownHostException: zide
java.net.AbstractPlainSocketImpl.connect(AbstractPlainSocketImpl.java:184)
java.net.SocksSocketImpl.connect(SocksSocketImpl.java:392)
java.net.Socket.connect(Socket.java:607)
sun.net.NetworkClient.doConnect(NetworkClient.java:175)
sun.net.www.http.HttpClient.openServer(HttpClient.java:463)
sun.net.www.http.HttpClient.openServer(HttpClient.java:558)
sun.net.www.http.HttpClient.<init>(HttpClient.java:242)
sun.net.www.http.HttpClient.New(HttpClient.java:339)
sun.net.www.http.HttpClient.New(HttpClient.java:357)
sun.net.www.protocol.http.HttpURLConnection.getNewHttpClient(HttpURLConnection.java:1223)
sun.net.www.protocol.http.HttpURLConnection.plainConnect0(HttpURLConnection.java:1162)
sun.net.www.protocol.http.HttpURLConnection.plainConnect(HttpURLConnection.java:1056)
sun.net.www.protocol.http.HttpURLConnection.connect(HttpURLConnection.java:990)
com.zoho.zide.resource.provider.HttpFileProvider.preConnect(HttpFileProvider.java:85)
com.zoho.zide.resource.provider.HttpFileProvider.start(HttpFileProvider.java:47)
com.zoho.zide.resource.handler.ResourceHandler.getResource(ResourceHandler.java:29)
com.zoho.zide.util.ZideConfig.downloadConfiguration(ZideConfig.java:582)
com.zoho.zide.scheduler.AutomaticUpdateJob$2.run(AutomaticUpdateJob.java:115)
org.eclipse.jface.operation.ModalContext$ModalContextThread.run(ModalContext.java:122)

v1.0.183 [WARNING] 2022.04.11 AD at 10:22:09 IST
Failed to download http://zide.csez.zohocorpin.com/softwares/zide_config.xml
java.net.UnknownHostException: zide
java.net.AbstractPlainSocketImpl.connect(AbstractPlainSocketImpl.java:184)
java.net.SocksSocketImpl.connect(SocksSocketImpl.java:392)
java.net.Socket.connect(Socket.java:607)
sun.net.NetworkClient.doConnect(NetworkClient.java:175)
sun.net.www.http.HttpClient.openServer(HttpClient.java:463)
sun.net.www.http.HttpClient.openServer(HttpClient.java:558)
sun.net.www.http.HttpClient.<init>(HttpClient.java:242)
sun.net.www.http.HttpClient.New(HttpClient.java:339)
sun.net.www.http.HttpClient.New(HttpClient.java:357)
sun.net.www.protocol.http.HttpURLConnection.getNewHttpClient(HttpURLConnection.java:1223)
sun.net.www.protocol.http.HttpURLConnection.plainConnect0(HttpURLConnection.java:1162)
sun.net.www.protocol.http.HttpURLConnection.plainConnect(HttpURLConnection.java:1056)
sun.net.www.protocol.http.HttpURLConnection.connect(HttpURLConnection.java:990)
com.zoho.zide.resource.provider.HttpFileProvider.preConnect(HttpFileProvider.java:85)
com.zoho.zide.resource.provider.HttpFileProvider.start(HttpFileProvider.java:47)
com.zoho.zide.resource.handler.ResourceHandler.getResource(ResourceHandler.java:29)
com.zoho.zide.util.ZideConfig.downloadConfiguration(ZideConfig.java:582)
com.zoho.zide.scheduler.AutomaticUpdateJob$2.run(AutomaticUpdateJob.java:115)
org.eclipse.jface.operation.ModalContext$ModalContextThread.run(ModalContext.java:122)

v1.0.183 [INFO] 2022.04.11 AD at 10:22:12 IST
Job ZideWorkspaceSettings Started

v1.0.183 [WARNING] 2022.04.11 AD at 10:22:12 IST
Failed to download http://zide.csez.zohocorpin.com/downloads/softwares/docker/service.sh
java.net.UnknownHostException: zide
java.net.AbstractPlainSocketImpl.connect(AbstractPlainSocketImpl.java:184)
java.net.SocksSocketImpl.connect(SocksSocketImpl.java:392)
java.net.Socket.connect(Socket.java:607)
sun.net.NetworkClient.doConnect(NetworkClient.java:175)
sun.net.www.http.HttpClient.openServer(HttpClient.java:463)
sun.net.www.http.HttpClient.openServer(HttpClient.java:558)
sun.net.www.http.HttpClient.<init>(HttpClient.java:242)
sun.net.www.http.HttpClient.New(HttpClient.java:339)
sun.net.www.http.HttpClient.New(HttpClient.java:357)
sun.net.www.protocol.http.HttpURLConnection.getNewHttpClient(HttpURLConnection.java:1223)
sun.net.www.protocol.http.HttpURLConnection.plainConnect0(HttpURLConnection.java:1162)
sun.net.www.protocol.http.HttpURLConnection.plainConnect(HttpURLConnection.java:1056)
sun.net.www.protocol.http.HttpURLConnection.connect(HttpURLConnection.java:990)
com.zoho.zide.resource.provider.HttpFileProvider.preConnect(HttpFileProvider.java:85)
com.zoho.zide.resource.provider.HttpFileProvider.start(HttpFileProvider.java:47)
com.zoho.zide.resource.handler.ResourceHandler.getResource(ResourceHandler.java:29)
com.zoho.zide.util.FileUtils.downloadFile(FileUtils.java:289)
com.zoho.zide.util.FileUtils.downloadFile(FileUtils.java:276)
com.zoho.zide.util.FileUtils.downloadAndExtract(FileUtils.java:263)
com.zoho.zide.codecheck.LiveStreamReader.sync(LiveStreamReader.java:51)
com.zoho.zide.codecheck.LiveStreamReader.forceSync(LiveStreamReader.java:46)
com.zoho.zide.codecheck.LiveStreamReader.forceSync(LiveStreamReader.java:41)
com.zoho.zide.activator.ZideWorkspaceSettings.init(ZideWorkspaceSettings.java:92)
com.zoho.zide.activator.ZideWorkspaceSettings.lambda$run$0(ZideWorkspaceSettings.java:41)
com.zoho.zide.activator.ZideWorkspaceSettings.runIf(ZideWorkspaceSettings.java:104)
com.zoho.zide.activator.ZideWorkspaceSettings.run(ZideWorkspaceSettings.java:41)
org.eclipse.core.internal.jobs.Worker.run(Worker.java:63)

v1.0.183 [INFO] 2022.04.11 AD at 10:22:12 IST
RemoteFileDownload: URL = http://zide.csez.zohocorpin.com/downloads/softwares/docker/service.sh; status = FAILED; size = 0B

v1.0.183 [WARNING] 2022.04.11 AD at 10:22:12 IST
Failed to download http://build.csez.zohocorpin.com/integ/hg_utils/milestones/HG_UTILS_LOCAL_BUILD_BRANCH/HG_UTILS_LOCAL_BUILD_ZIDE_M1/hg_utils.zip
java.net.UnknownHostException: build
java.net.AbstractPlainSocketImpl.connect(AbstractPlainSocketImpl.java:184)
java.net.SocksSocketImpl.connect(SocksSocketImpl.java:392)
java.net.Socket.connect(Socket.java:607)
sun.net.NetworkClient.doConnect(NetworkClient.java:175)
sun.net.www.http.HttpClient.openServer(HttpClient.java:463)
sun.net.www.http.HttpClient.openServer(HttpClient.java:558)
sun.net.www.http.HttpClient.<init>(HttpClient.java:242)
sun.net.www.http.HttpClient.New(HttpClient.java:339)
sun.net.www.http.HttpClient.New(HttpClient.java:357)
sun.net.www.protocol.http.HttpURLConnection.getNewHttpClient(HttpURLConnection.java:1223)
sun.net.www.protocol.http.HttpURLConnection.plainConnect0(HttpURLConnection.java:1162)
sun.net.www.protocol.http.HttpURLConnection.plainConnect(HttpURLConnection.java:1056)
sun.net.www.protocol.http.HttpURLConnection.connect(HttpURLConnection.java:990)
com.zoho.zide.resource.provider.HttpFileProvider.preConnect(HttpFileProvider.java:85)
com.zoho.zide.resource.provider.HttpFileProvider.start(HttpFileProvider.java:47)
com.zoho.zide.resource.handler.ResourceHandler.getResource(ResourceHandler.java:29)
com.zoho.zide.util.FileUtils.downloadFile(FileUtils.java:289)
com.zoho.zide.util.FileUtils.downloadFile(FileUtils.java:276)
com.zoho.zide.util.FileUtils.downloadAndExtract(FileUtils.java:263)
com.zoho.zide.codecheck.LiveStreamReader.sync(LiveStreamReader.java:51)
com.zoho.zide.codecheck.LiveStreamReader.forceSync(LiveStreamReader.java:46)
com.zoho.zide.codecheck.LiveStreamReader.forceSync(LiveStreamReader.java:41)
com.zoho.zide.activator.ZideWorkspaceSettings.init(ZideWorkspaceSettings.java:92)
com.zoho.zide.activator.ZideWorkspaceSettings.lambda$run$0(ZideWorkspaceSettings.java:41)
com.zoho.zide.activator.ZideWorkspaceSettings.runIf(ZideWorkspaceSettings.java:104)
com.zoho.zide.activator.ZideWorkspaceSettings.run(ZideWorkspaceSettings.java:41)
org.eclipse.core.internal.jobs.Worker.run(Worker.java:63)

v1.0.183 [INFO] 2022.04.11 AD at 10:22:12 IST
RemoteFileDownload: URL = http://build.csez.zohocorpin.com/integ/hg_utils/milestones/HG_UTILS_LOCAL_BUILD_BRANCH/HG_UTILS_LOCAL_BUILD_ZIDE_M1/hg_utils.zip; status = FAILED; size = 0B

v1.0.183 [INFO] 2022.04.11 AD at 10:22:13 IST
RemoteFileDownload: URL = http://cm-server.csez.zohocorpin.com/thirdparty_downloads/ant/new/apache-ant-1.8.1.zip; status = COMPLETED; size = 10.54MB

v1.0.183 [INFO] 2022.04.11 AD at 10:22:18 IST
Duration for creating zide service menu:: 7

v1.0.183 [ERROR] 2022.04.11 AD at 10:23:50 IST
Error while creating zide settings instance .
java.io.IOException: Cannot find .zide_resources/zide_settings.xml
org.eclipse.core.internal.runtime.FindSupport.openStream(FindSupport.java:278)
org.eclipse.core.runtime.FileLocator.openStream(FileLocator.java:243)
com.zoho.zide.util.ZideSettings.init(ZideSettings.java:41)
com.zoho.zide.util.ZideSettings.<init>(ZideSettings.java:31)
com.zoho.zide.util.ZideSettings.getInstance(ZideSettings.java:162)
com.zoho.zide.util.ZideConfigAPI.getZideIgnoreEntries(ZideConfigAPI.java:163)
com.zoho.zide.activator.PluginStarter.updateZideIgnoreEntries(PluginStarter.java:341)
com.zoho.zide.activator.PluginStarter.earlyStartup(PluginStarter.java:239)
org.eclipse.ui.internal.EarlyStartupRunnable.runEarlyStartup(EarlyStartupRunnable.java:79)
org.eclipse.ui.internal.EarlyStartupRunnable.run(EarlyStartupRunnable.java:55)
org.eclipse.core.runtime.SafeRunner.run(SafeRunner.java:45)
org.eclipse.ui.internal.Workbench$40.run(Workbench.java:2711)
org.eclipse.core.internal.jobs.Worker.run(Worker.java:63)

v1.0.183 [INFO] 2022.04.11 AD at 10:23:50 IST
ZIDE Startup--------------------------------------------------------------------------------
Eclipse version = 4.13.0.v20190916-1045
Java version = 1.8.0_312
OS = Linux
hg version = 5.3.1

v1.0.183 [INFO] 2022.04.11 AD at 10:23:50 IST
Job Hacksaw sync Scheduler started

v1.0.183 [WARNING] 2022.04.11 AD at 10:23:51 IST
Failed to download http://zide.csez.zohocorpin.com/softwares/zide_config.xml
java.net.UnknownHostException: zide
java.net.AbstractPlainSocketImpl.connect(AbstractPlainSocketImpl.java:184)
java.net.SocksSocketImpl.connect(SocksSocketImpl.java:392)
java.net.Socket.connect(Socket.java:607)
sun.net.NetworkClient.doConnect(NetworkClient.java:175)
sun.net.www.http.HttpClient.openServer(HttpClient.java:463)
sun.net.www.http.HttpClient.openServer(HttpClient.java:558)
sun.net.www.http.HttpClient.<init>(HttpClient.java:242)
sun.net.www.http.HttpClient.New(HttpClient.java:339)
sun.net.www.http.HttpClient.New(HttpClient.java:357)
sun.net.www.protocol.http.HttpURLConnection.getNewHttpClient(HttpURLConnection.java:1223)
sun.net.www.protocol.http.HttpURLConnection.plainConnect0(HttpURLConnection.java:1162)
sun.net.www.protocol.http.HttpURLConnection.plainConnect(HttpURLConnection.java:1056)
sun.net.www.protocol.http.HttpURLConnection.connect(HttpURLConnection.java:990)
com.zoho.zide.resource.provider.HttpFileProvider.preConnect(HttpFileProvider.java:85)
com.zoho.zide.resource.provider.HttpFileProvider.start(HttpFileProvider.java:47)
com.zoho.zide.resource.handler.ResourceHandler.getResource(ResourceHandler.java:29)
com.zoho.zide.util.ZideConfig.downloadConfiguration(ZideConfig.java:582)
com.zoho.zide.scheduler.AutomaticUpdateJob$2.run(AutomaticUpdateJob.java:115)
org.eclipse.jface.operation.ModalContext$ModalContextThread.run(ModalContext.java:122)

v1.0.183 [WARNING] 2022.04.11 AD at 10:23:55 IST
Failed to download http://zide.csez.zohocorpin.com/softwares/zide_config.xml
java.net.UnknownHostException: zide
java.net.AbstractPlainSocketImpl.connect(AbstractPlainSocketImpl.java:184)
java.net.SocksSocketImpl.connect(SocksSocketImpl.java:392)
java.net.Socket.connect(Socket.java:607)
sun.net.NetworkClient.doConnect(NetworkClient.java:175)
sun.net.www.http.HttpClient.openServer(HttpClient.java:463)
sun.net.www.http.HttpClient.openServer(HttpClient.java:558)
sun.net.www.http.HttpClient.<init>(HttpClient.java:242)
sun.net.www.http.HttpClient.New(HttpClient.java:339)
sun.net.www.http.HttpClient.New(HttpClient.java:357)
sun.net.www.protocol.http.HttpURLConnection.getNewHttpClient(HttpURLConnection.java:1223)
sun.net.www.protocol.http.HttpURLConnection.plainConnect0(HttpURLConnection.java:1162)
sun.net.www.protocol.http.HttpURLConnection.plainConnect(HttpURLConnection.java:1056)
sun.net.www.protocol.http.HttpURLConnection.connect(HttpURLConnection.java:990)
com.zoho.zide.resource.provider.HttpFileProvider.preConnect(HttpFileProvider.java:85)
com.zoho.zide.resource.provider.HttpFileProvider.start(HttpFileProvider.java:47)
com.zoho.zide.resource.handler.ResourceHandler.getResource(ResourceHandler.java:29)
com.zoho.zide.util.ZideConfig.downloadConfiguration(ZideConfig.java:582)
com.zoho.zide.scheduler.AutomaticUpdateJob$2.run(AutomaticUpdateJob.java:115)
org.eclipse.jface.operation.ModalContext$ModalContextThread.run(ModalContext.java:122)

v1.0.183 [INFO] 2022.04.11 AD at 10:24:07 IST
Job ZideWorkspaceSettings Started

v1.0.183 [WARNING] 2022.04.11 AD at 10:24:07 IST
Failed to download http://zide.csez.zohocorpin.com/downloads/softwares/docker/service.sh
java.net.UnknownHostException: zide
java.net.AbstractPlainSocketImpl.connect(AbstractPlainSocketImpl.java:184)
java.net.SocksSocketImpl.connect(SocksSocketImpl.java:392)
java.net.Socket.connect(Socket.java:607)
sun.net.NetworkClient.doConnect(NetworkClient.java:175)
sun.net.www.http.HttpClient.openServer(HttpClient.java:463)
sun.net.www.http.HttpClient.openServer(HttpClient.java:558)
sun.net.www.http.HttpClient.<init>(HttpClient.java:242)
sun.net.www.http.HttpClient.New(HttpClient.java:339)
sun.net.www.http.HttpClient.New(HttpClient.java:357)
sun.net.www.protocol.http.HttpURLConnection.getNewHttpClient(HttpURLConnection.java:1223)
sun.net.www.protocol.http.HttpURLConnection.plainConnect0(HttpURLConnection.java:1162)
sun.net.www.protocol.http.HttpURLConnection.plainConnect(HttpURLConnection.java:1056)
sun.net.www.protocol.http.HttpURLConnection.connect(HttpURLConnection.java:990)
com.zoho.zide.resource.provider.HttpFileProvider.preConnect(HttpFileProvider.java:85)
com.zoho.zide.resource.provider.HttpFileProvider.start(HttpFileProvider.java:47)
com.zoho.zide.resource.handler.ResourceHandler.getResource(ResourceHandler.java:29)
com.zoho.zide.util.FileUtils.downloadFile(FileUtils.java:289)
com.zoho.zide.util.FileUtils.downloadFile(FileUtils.java:276)
com.zoho.zide.util.FileUtils.downloadAndExtract(FileUtils.java:263)
com.zoho.zide.codecheck.LiveStreamReader.sync(LiveStreamReader.java:51)
com.zoho.zide.codecheck.LiveStreamReader.forceSync(LiveStreamReader.java:46)
com.zoho.zide.codecheck.LiveStreamReader.forceSync(LiveStreamReader.java:41)
com.zoho.zide.activator.ZideWorkspaceSettings.init(ZideWorkspaceSettings.java:92)
com.zoho.zide.activator.ZideWorkspaceSettings.lambda$run$0(ZideWorkspaceSettings.java:41)
com.zoho.zide.activator.ZideWorkspaceSettings.runIf(ZideWorkspaceSettings.java:104)
com.zoho.zide.activator.ZideWorkspaceSettings.run(ZideWorkspaceSettings.java:41)
org.eclipse.core.internal.jobs.Worker.run(Worker.java:63)

v1.0.183 [INFO] 2022.04.11 AD at 10:24:07 IST
RemoteFileDownload: URL = http://zide.csez.zohocorpin.com/downloads/softwares/docker/service.sh; status = FAILED; size = 0B

v1.0.183 [WARNING] 2022.04.11 AD at 10:24:07 IST
Failed to download http://build.csez.zohocorpin.com/integ/hg_utils/milestones/HG_UTILS_LOCAL_BUILD_BRANCH/HG_UTILS_LOCAL_BUILD_ZIDE_M1/hg_utils.zip
java.net.UnknownHostException: build
java.net.AbstractPlainSocketImpl.connect(AbstractPlainSocketImpl.java:184)
java.net.SocksSocketImpl.connect(SocksSocketImpl.java:392)
java.net.Socket.connect(Socket.java:607)
sun.net.NetworkClient.doConnect(NetworkClient.java:175)
sun.net.www.http.HttpClient.openServer(HttpClient.java:463)
sun.net.www.http.HttpClient.openServer(HttpClient.java:558)
sun.net.www.http.HttpClient.<init>(HttpClient.java:242)
sun.net.www.http.HttpClient.New(HttpClient.java:339)
sun.net.www.http.HttpClient.New(HttpClient.java:357)
sun.net.www.protocol.http.HttpURLConnection.getNewHttpClient(HttpURLConnection.java:1223)
sun.net.www.protocol.http.HttpURLConnection.plainConnect0(HttpURLConnection.java:1162)
sun.net.www.protocol.http.HttpURLConnection.plainConnect(HttpURLConnection.java:1056)
sun.net.www.protocol.http.HttpURLConnection.connect(HttpURLConnection.java:990)
com.zoho.zide.resource.provider.HttpFileProvider.preConnect(HttpFileProvider.java:85)
com.zoho.zide.resource.provider.HttpFileProvider.start(HttpFileProvider.java:47)
com.zoho.zide.resource.handler.ResourceHandler.getResource(ResourceHandler.java:29)
com.zoho.zide.util.FileUtils.downloadFile(FileUtils.java:289)
com.zoho.zide.util.FileUtils.downloadFile(FileUtils.java:276)
com.zoho.zide.util.FileUtils.downloadAndExtract(FileUtils.java:263)
com.zoho.zide.codecheck.LiveStreamReader.sync(LiveStreamReader.java:51)
com.zoho.zide.codecheck.LiveStreamReader.forceSync(LiveStreamReader.java:46)
com.zoho.zide.codecheck.LiveStreamReader.forceSync(LiveStreamReader.java:41)
com.zoho.zide.activator.ZideWorkspaceSettings.init(ZideWorkspaceSettings.java:92)
com.zoho.zide.activator.ZideWorkspaceSettings.lambda$run$0(ZideWorkspaceSettings.java:41)
com.zoho.zide.activator.ZideWorkspaceSettings.runIf(ZideWorkspaceSettings.java:104)
com.zoho.zide.activator.ZideWorkspaceSettings.run(ZideWorkspaceSettings.java:41)
org.eclipse.core.internal.jobs.Worker.run(Worker.java:63)

v1.0.183 [INFO] 2022.04.11 AD at 10:24:07 IST
RemoteFileDownload: URL = http://build.csez.zohocorpin.com/integ/hg_utils/milestones/HG_UTILS_LOCAL_BUILD_BRANCH/HG_UTILS_LOCAL_BUILD_ZIDE_M1/hg_utils.zip; status = FAILED; size = 0B

v1.0.183 [INFO] 2022.04.11 AD at 10:24:10 IST
RemoteFileDownload: URL = http://cm-server.csez.zohocorpin.com/thirdparty_downloads/ant/new/apache-ant-1.8.1.zip; status = COMPLETED; size = 10.54MB
